[INFO ][06-08 13:17:01][main][isiteam.TwitterCrawler.mainApp.RelationCrawler][83]
正在创建数据库连接和缓冲池...
[INFO ][06-08 13:17:05][main][org.hibernate.cfg.annotations.Version][15]
Hibernate Annotations 3.3.1.GA
[INFO ][06-08 13:17:05][main][org.hibernate.cfg.Environment][514]
Hibernate 3.2.6
[INFO ][06-08 13:17:05][main][org.hibernate.cfg.Environment][547]
hibernate.properties not found
[INFO ][06-08 13:17:05][main][org.hibernate.cfg.Environment][681]
Bytecode provider name : cglib
[INFO ][06-08 13:17:06][main][org.hibernate.cfg.Environment][598]
using JDK 1.4 java.sql.Timestamp handling
[INFO ][06-08 13:17:06][main][org.hibernate.cfg.AnnotationBinder][418]
Binding entity from annotated class: isiteam.TwitterCrawler.database.bean.UserInfo
[INFO ][06-08 13:17:06][main][org.hibernate.cfg.annotations.EntityBinder][424]
Bind entity isiteam.TwitterCrawler.database.bean.UserInfo on table user_info
[INFO ][06-08 13:17:06][main][org.hibernate.cfg.AnnotationBinder][418]
Binding entity from annotated class: isiteam.TwitterCrawler.database.bean.SeedsQueue
[INFO ][06-08 13:17:06][main][org.hibernate.cfg.annotations.EntityBinder][424]
Bind entity isiteam.TwitterCrawler.database.bean.SeedsQueue on table seeds_queue
[INFO ][06-08 13:17:06][main][org.hibernate.cfg.AnnotationBinder][418]
Binding entity from annotated class: isiteam.TwitterCrawler.database.bean.TweetInfo
[INFO ][06-08 13:17:06][main][org.hibernate.cfg.annotations.EntityBinder][424]
Bind entity isiteam.TwitterCrawler.database.bean.TweetInfo on table tweet_info
[INFO ][06-08 13:17:06][main][org.hibernate.cfg.AnnotationBinder][418]
Binding entity from annotated class: isiteam.TwitterCrawler.database.bean.UserFriends
[INFO ][06-08 13:17:06][main][org.hibernate.cfg.annotations.EntityBinder][424]
Bind entity isiteam.TwitterCrawler.database.bean.UserFriends on table user_friends
[INFO ][06-08 13:17:06][main][org.hibernate.validator.Version][17]
Hibernate Validator 3.0.0.GA
[INFO ][06-08 13:17:07][main][org.hibernate.connection.ConnectionProviderFactory][72]
Initializing connection provider: org.springframework.orm.hibernate3.LocalDataSourceConnectionProvider
[INFO ][06-08 13:17:08][main][org.hibernate.cfg.SettingsFactory][89]
RDBMS: MySQL, version: 5.5.8
[INFO ][06-08 13:17:08][main][org.hibernate.cfg.SettingsFactory][90]
JDBC driver: MySQL Connector Java, version: mysql-connector-java-5.1.25 ( Revision: ${bzr.revision-id} )
[INFO ][06-08 13:17:08][main][org.hibernate.dialect.Dialect][152]
Using dialect: org.hibernate.dialect.MySQLDialect
[INFO ][06-08 13:17:08][main][org.hibernate.transaction.TransactionFactoryFactory][34]
Transaction strategy: org.springframework.orm.hibernate3.SpringTransactionFactory
[INFO ][06-08 13:17:08][main][org.hibernate.transaction.TransactionManagerLookupFactory][33]
No TransactionManagerLookup configured (in JTA environment, use of read-write or transactional second-level cache is not recommended)
[INFO ][06-08 13:17:08][main][org.hibernate.cfg.SettingsFactory][143]
Automatic flush during beforeCompletion(): disabled
[INFO ][06-08 13:17:08][main][org.hibernate.cfg.SettingsFactory][147]
Automatic session close at end of transaction: disabled
[INFO ][06-08 13:17:08][main][org.hibernate.cfg.SettingsFactory][154]
JDBC batch size: 15
[INFO ][06-08 13:17:08][main][org.hibernate.cfg.SettingsFactory][157]
JDBC batch updates for versioned data: disabled
[INFO ][06-08 13:17:08][main][org.hibernate.cfg.SettingsFactory][162]
Scrollable result sets: enabled
[INFO ][06-08 13:17:08][main][org.hibernate.cfg.SettingsFactory][170]
JDBC3 getGeneratedKeys(): enabled
[INFO ][06-08 13:17:08][main][org.hibernate.cfg.SettingsFactory][178]
Connection release mode: auto
[INFO ][06-08 13:17:08][main][org.hibernate.cfg.SettingsFactory][202]
Maximum outer join fetch depth: 2
[INFO ][06-08 13:17:08][main][org.hibernate.cfg.SettingsFactory][205]
Default batch fetch size: 1
[INFO ][06-08 13:17:08][main][org.hibernate.cfg.SettingsFactory][209]
Generate SQL with comments: disabled
[INFO ][06-08 13:17:08][main][org.hibernate.cfg.SettingsFactory][213]
Order SQL updates by primary key: disabled
[INFO ][06-08 13:17:08][main][org.hibernate.cfg.SettingsFactory][217]
Order SQL inserts for batching: disabled
[INFO ][06-08 13:17:08][main][org.hibernate.cfg.SettingsFactory][386]
Query translator: org.hibernate.hql.ast.ASTQueryTranslatorFactory
[INFO ][06-08 13:17:08][main][org.hibernate.hql.ast.ASTQueryTranslatorFactory][24]
Using ASTQueryTranslatorFactory
[INFO ][06-08 13:17:08][main][org.hibernate.cfg.SettingsFactory][225]
Query language substitutions: {}
[INFO ][06-08 13:17:08][main][org.hibernate.cfg.SettingsFactory][230]
JPA-QL strict compliance: disabled
[INFO ][06-08 13:17:08][main][org.hibernate.cfg.SettingsFactory][235]
Second-level cache: enabled
[INFO ][06-08 13:17:08][main][org.hibernate.cfg.SettingsFactory][239]
Query cache: disabled
[INFO ][06-08 13:17:08][main][org.hibernate.cfg.SettingsFactory][373]
Cache provider: org.hibernate.cache.NoCacheProvider
[INFO ][06-08 13:17:08][main][org.hibernate.cfg.SettingsFactory][254]
Optimize cache for minimal puts: disabled
[INFO ][06-08 13:17:08][main][org.hibernate.cfg.SettingsFactory][263]
Structured second-level cache entries: disabled
[INFO ][06-08 13:17:08][main][org.hibernate.cfg.SettingsFactory][283]
Echoing all SQL to stdout
[INFO ][06-08 13:17:08][main][org.hibernate.cfg.SettingsFactory][290]
Statistics: disabled
[INFO ][06-08 13:17:08][main][org.hibernate.cfg.SettingsFactory][294]
Deleted entity synthetic identifier rollback: disabled
[INFO ][06-08 13:17:08][main][org.hibernate.cfg.SettingsFactory][309]
Default entity-mode: pojo
[INFO ][06-08 13:17:08][main][org.hibernate.cfg.SettingsFactory][313]
Named query checking : enabled
[INFO ][06-08 13:17:09][main][org.hibernate.impl.SessionFactoryImpl][161]
building session factory
[INFO ][06-08 13:17:09][main][org.hibernate.impl.SessionFactoryObjectFactory][82]
Not binding factory to JNDI, no JNDI name configured
[INFO ][06-08 13:17:10][main][isiteam.TwitterCrawler.mainApp.RelationCrawler][85]
数据库连接已连接！缓冲池已建立
[INFO ][06-08 13:17:53][main][isiteam.TwitterCrawler.mainApp.RelationCrawler][83]
正在创建数据库连接和缓冲池...
[INFO ][06-08 13:17:54][main][org.hibernate.cfg.annotations.Version][15]
Hibernate Annotations 3.3.1.GA
[INFO ][06-08 13:17:54][main][org.hibernate.cfg.Environment][514]
Hibernate 3.2.6
[INFO ][06-08 13:17:54][main][org.hibernate.cfg.Environment][547]
hibernate.properties not found
[INFO ][06-08 13:17:54][main][org.hibernate.cfg.Environment][681]
Bytecode provider name : cglib
[INFO ][06-08 13:17:54][main][org.hibernate.cfg.Environment][598]
using JDK 1.4 java.sql.Timestamp handling
[INFO ][06-08 13:17:54][main][org.hibernate.cfg.AnnotationBinder][418]
Binding entity from annotated class: isiteam.TwitterCrawler.database.bean.UserInfo
[INFO ][06-08 13:17:54][main][org.hibernate.cfg.annotations.EntityBinder][424]
Bind entity isiteam.TwitterCrawler.database.bean.UserInfo on table user_info
[INFO ][06-08 13:17:54][main][org.hibernate.cfg.AnnotationBinder][418]
Binding entity from annotated class: isiteam.TwitterCrawler.database.bean.SeedsQueue
[INFO ][06-08 13:17:54][main][org.hibernate.cfg.annotations.EntityBinder][424]
Bind entity isiteam.TwitterCrawler.database.bean.SeedsQueue on table seeds_queue
[INFO ][06-08 13:17:54][main][org.hibernate.cfg.AnnotationBinder][418]
Binding entity from annotated class: isiteam.TwitterCrawler.database.bean.TweetInfo
[INFO ][06-08 13:17:54][main][org.hibernate.cfg.annotations.EntityBinder][424]
Bind entity isiteam.TwitterCrawler.database.bean.TweetInfo on table tweet_info
[INFO ][06-08 13:17:54][main][org.hibernate.cfg.AnnotationBinder][418]
Binding entity from annotated class: isiteam.TwitterCrawler.database.bean.UserFriends
[INFO ][06-08 13:17:54][main][org.hibernate.cfg.annotations.EntityBinder][424]
Bind entity isiteam.TwitterCrawler.database.bean.UserFriends on table user_friends
[INFO ][06-08 13:17:54][main][org.hibernate.validator.Version][17]
Hibernate Validator 3.0.0.GA
[INFO ][06-08 13:17:54][main][org.hibernate.connection.ConnectionProviderFactory][72]
Initializing connection provider: org.springframework.orm.hibernate3.LocalDataSourceConnectionProvider
[INFO ][06-08 13:17:55][main][org.hibernate.cfg.SettingsFactory][89]
RDBMS: MySQL, version: 5.5.8
[INFO ][06-08 13:17:55][main][org.hibernate.cfg.SettingsFactory][90]
JDBC driver: MySQL Connector Java, version: mysql-connector-java-5.1.25 ( Revision: ${bzr.revision-id} )
[INFO ][06-08 13:17:55][main][org.hibernate.dialect.Dialect][152]
Using dialect: org.hibernate.dialect.MySQLDialect
[INFO ][06-08 13:17:55][main][org.hibernate.transaction.TransactionFactoryFactory][34]
Transaction strategy: org.springframework.orm.hibernate3.SpringTransactionFactory
[INFO ][06-08 13:17:55][main][org.hibernate.transaction.TransactionManagerLookupFactory][33]
No TransactionManagerLookup configured (in JTA environment, use of read-write or transactional second-level cache is not recommended)
[INFO ][06-08 13:17:55][main][org.hibernate.cfg.SettingsFactory][143]
Automatic flush during beforeCompletion(): disabled
[INFO ][06-08 13:17:55][main][org.hibernate.cfg.SettingsFactory][147]
Automatic session close at end of transaction: disabled
[INFO ][06-08 13:17:55][main][org.hibernate.cfg.SettingsFactory][154]
JDBC batch size: 15
[INFO ][06-08 13:17:55][main][org.hibernate.cfg.SettingsFactory][157]
JDBC batch updates for versioned data: disabled
[INFO ][06-08 13:17:55][main][org.hibernate.cfg.SettingsFactory][162]
Scrollable result sets: enabled
[INFO ][06-08 13:17:55][main][org.hibernate.cfg.SettingsFactory][170]
JDBC3 getGeneratedKeys(): enabled
[INFO ][06-08 13:17:55][main][org.hibernate.cfg.SettingsFactory][178]
Connection release mode: auto
[INFO ][06-08 13:17:55][main][org.hibernate.cfg.SettingsFactory][202]
Maximum outer join fetch depth: 2
[INFO ][06-08 13:17:55][main][org.hibernate.cfg.SettingsFactory][205]
Default batch fetch size: 1
[INFO ][06-08 13:17:55][main][org.hibernate.cfg.SettingsFactory][209]
Generate SQL with comments: disabled
[INFO ][06-08 13:17:55][main][org.hibernate.cfg.SettingsFactory][213]
Order SQL updates by primary key: disabled
[INFO ][06-08 13:17:55][main][org.hibernate.cfg.SettingsFactory][217]
Order SQL inserts for batching: disabled
[INFO ][06-08 13:17:55][main][org.hibernate.cfg.SettingsFactory][386]
Query translator: org.hibernate.hql.ast.ASTQueryTranslatorFactory
[INFO ][06-08 13:17:55][main][org.hibernate.hql.ast.ASTQueryTranslatorFactory][24]
Using ASTQueryTranslatorFactory
[INFO ][06-08 13:17:55][main][org.hibernate.cfg.SettingsFactory][225]
Query language substitutions: {}
[INFO ][06-08 13:17:55][main][org.hibernate.cfg.SettingsFactory][230]
JPA-QL strict compliance: disabled
[INFO ][06-08 13:17:55][main][org.hibernate.cfg.SettingsFactory][235]
Second-level cache: enabled
[INFO ][06-08 13:17:55][main][org.hibernate.cfg.SettingsFactory][239]
Query cache: disabled
[INFO ][06-08 13:17:55][main][org.hibernate.cfg.SettingsFactory][373]
Cache provider: org.hibernate.cache.NoCacheProvider
[INFO ][06-08 13:17:55][main][org.hibernate.cfg.SettingsFactory][254]
Optimize cache for minimal puts: disabled
[INFO ][06-08 13:17:55][main][org.hibernate.cfg.SettingsFactory][263]
Structured second-level cache entries: disabled
[INFO ][06-08 13:17:55][main][org.hibernate.cfg.SettingsFactory][283]
Echoing all SQL to stdout
[INFO ][06-08 13:17:55][main][org.hibernate.cfg.SettingsFactory][290]
Statistics: disabled
[INFO ][06-08 13:17:55][main][org.hibernate.cfg.SettingsFactory][294]
Deleted entity synthetic identifier rollback: disabled
[INFO ][06-08 13:17:55][main][org.hibernate.cfg.SettingsFactory][309]
Default entity-mode: pojo
[INFO ][06-08 13:17:55][main][org.hibernate.cfg.SettingsFactory][313]
Named query checking : enabled
[INFO ][06-08 13:17:55][main][org.hibernate.impl.SessionFactoryImpl][161]
building session factory
[INFO ][06-08 13:17:55][main][org.hibernate.impl.SessionFactoryObjectFactory][82]
Not binding factory to JNDI, no JNDI name configured
[INFO ][06-08 13:17:55][main][isiteam.TwitterCrawler.mainApp.RelationCrawler][85]
数据库连接已连接！缓冲池已建立
[INFO ][06-08 13:18:06][main][isiteam.TwitterCrawler.mainApp.RelationCrawler][65]
[isiteam.TwitterCrawler.database.bean.SeedsQueue@b97a54]
[INFO ][06-08 13:18:42][main][isiteam.TwitterCrawler.mainApp.RelationCrawler][83]
正在创建数据库连接和缓冲池...
[INFO ][06-08 13:18:43][main][org.hibernate.cfg.annotations.Version][15]
Hibernate Annotations 3.3.1.GA
[INFO ][06-08 13:18:43][main][org.hibernate.cfg.Environment][514]
Hibernate 3.2.6
[INFO ][06-08 13:18:43][main][org.hibernate.cfg.Environment][547]
hibernate.properties not found
[INFO ][06-08 13:18:43][main][org.hibernate.cfg.Environment][681]
Bytecode provider name : cglib
[INFO ][06-08 13:18:43][main][org.hibernate.cfg.Environment][598]
using JDK 1.4 java.sql.Timestamp handling
[INFO ][06-08 13:18:43][main][org.hibernate.cfg.AnnotationBinder][418]
Binding entity from annotated class: isiteam.TwitterCrawler.database.bean.UserInfo
[INFO ][06-08 13:18:43][main][org.hibernate.cfg.annotations.EntityBinder][424]
Bind entity isiteam.TwitterCrawler.database.bean.UserInfo on table user_info
[INFO ][06-08 13:18:43][main][org.hibernate.cfg.AnnotationBinder][418]
Binding entity from annotated class: isiteam.TwitterCrawler.database.bean.SeedsQueue
[INFO ][06-08 13:18:43][main][org.hibernate.cfg.annotations.EntityBinder][424]
Bind entity isiteam.TwitterCrawler.database.bean.SeedsQueue on table seeds_queue
[INFO ][06-08 13:18:43][main][org.hibernate.cfg.AnnotationBinder][418]
Binding entity from annotated class: isiteam.TwitterCrawler.database.bean.TweetInfo
[INFO ][06-08 13:18:43][main][org.hibernate.cfg.annotations.EntityBinder][424]
Bind entity isiteam.TwitterCrawler.database.bean.TweetInfo on table tweet_info
[INFO ][06-08 13:18:43][main][org.hibernate.cfg.AnnotationBinder][418]
Binding entity from annotated class: isiteam.TwitterCrawler.database.bean.UserFriends
[INFO ][06-08 13:18:43][main][org.hibernate.cfg.annotations.EntityBinder][424]
Bind entity isiteam.TwitterCrawler.database.bean.UserFriends on table user_friends
[INFO ][06-08 13:18:43][main][org.hibernate.validator.Version][17]
Hibernate Validator 3.0.0.GA
[INFO ][06-08 13:18:43][main][org.hibernate.connection.ConnectionProviderFactory][72]
Initializing connection provider: org.springframework.orm.hibernate3.LocalDataSourceConnectionProvider
[INFO ][06-08 13:18:43][main][org.hibernate.cfg.SettingsFactory][89]
RDBMS: MySQL, version: 5.5.8
[INFO ][06-08 13:18:43][main][org.hibernate.cfg.SettingsFactory][90]
JDBC driver: MySQL Connector Java, version: mysql-connector-java-5.1.25 ( Revision: ${bzr.revision-id} )
[INFO ][06-08 13:18:43][main][org.hibernate.dialect.Dialect][152]
Using dialect: org.hibernate.dialect.MySQLDialect
[INFO ][06-08 13:18:43][main][org.hibernate.transaction.TransactionFactoryFactory][34]
Transaction strategy: org.springframework.orm.hibernate3.SpringTransactionFactory
[INFO ][06-08 13:18:43][main][org.hibernate.transaction.TransactionManagerLookupFactory][33]
No TransactionManagerLookup configured (in JTA environment, use of read-write or transactional second-level cache is not recommended)
[INFO ][06-08 13:18:43][main][org.hibernate.cfg.SettingsFactory][143]
Automatic flush during beforeCompletion(): disabled
[INFO ][06-08 13:18:43][main][org.hibernate.cfg.SettingsFactory][147]
Automatic session close at end of transaction: disabled
[INFO ][06-08 13:18:43][main][org.hibernate.cfg.SettingsFactory][154]
JDBC batch size: 15
[INFO ][06-08 13:18:43][main][org.hibernate.cfg.SettingsFactory][157]
JDBC batch updates for versioned data: disabled
[INFO ][06-08 13:18:43][main][org.hibernate.cfg.SettingsFactory][162]
Scrollable result sets: enabled
[INFO ][06-08 13:18:43][main][org.hibernate.cfg.SettingsFactory][170]
JDBC3 getGeneratedKeys(): enabled
[INFO ][06-08 13:18:43][main][org.hibernate.cfg.SettingsFactory][178]
Connection release mode: auto
[INFO ][06-08 13:18:43][main][org.hibernate.cfg.SettingsFactory][202]
Maximum outer join fetch depth: 2
[INFO ][06-08 13:18:43][main][org.hibernate.cfg.SettingsFactory][205]
Default batch fetch size: 1
[INFO ][06-08 13:18:43][main][org.hibernate.cfg.SettingsFactory][209]
Generate SQL with comments: disabled
[INFO ][06-08 13:18:43][main][org.hibernate.cfg.SettingsFactory][213]
Order SQL updates by primary key: disabled
[INFO ][06-08 13:18:43][main][org.hibernate.cfg.SettingsFactory][217]
Order SQL inserts for batching: disabled
[INFO ][06-08 13:18:43][main][org.hibernate.cfg.SettingsFactory][386]
Query translator: org.hibernate.hql.ast.ASTQueryTranslatorFactory
[INFO ][06-08 13:18:43][main][org.hibernate.hql.ast.ASTQueryTranslatorFactory][24]
Using ASTQueryTranslatorFactory
[INFO ][06-08 13:18:43][main][org.hibernate.cfg.SettingsFactory][225]
Query language substitutions: {}
[INFO ][06-08 13:18:43][main][org.hibernate.cfg.SettingsFactory][230]
JPA-QL strict compliance: disabled
[INFO ][06-08 13:18:43][main][org.hibernate.cfg.SettingsFactory][235]
Second-level cache: enabled
[INFO ][06-08 13:18:43][main][org.hibernate.cfg.SettingsFactory][239]
Query cache: disabled
[INFO ][06-08 13:18:43][main][org.hibernate.cfg.SettingsFactory][373]
Cache provider: org.hibernate.cache.NoCacheProvider
[INFO ][06-08 13:18:43][main][org.hibernate.cfg.SettingsFactory][254]
Optimize cache for minimal puts: disabled
[INFO ][06-08 13:18:43][main][org.hibernate.cfg.SettingsFactory][263]
Structured second-level cache entries: disabled
[INFO ][06-08 13:18:43][main][org.hibernate.cfg.SettingsFactory][283]
Echoing all SQL to stdout
[INFO ][06-08 13:18:43][main][org.hibernate.cfg.SettingsFactory][290]
Statistics: disabled
[INFO ][06-08 13:18:43][main][org.hibernate.cfg.SettingsFactory][294]
Deleted entity synthetic identifier rollback: disabled
[INFO ][06-08 13:18:43][main][org.hibernate.cfg.SettingsFactory][309]
Default entity-mode: pojo
[INFO ][06-08 13:18:43][main][org.hibernate.cfg.SettingsFactory][313]
Named query checking : enabled
[INFO ][06-08 13:18:43][main][org.hibernate.impl.SessionFactoryImpl][161]
building session factory
[INFO ][06-08 13:18:44][main][org.hibernate.impl.SessionFactoryObjectFactory][82]
Not binding factory to JNDI, no JNDI name configured
[INFO ][06-08 13:18:44][main][isiteam.TwitterCrawler.mainApp.RelationCrawler][85]
数据库连接已连接！缓冲池已建立
[INFO ][06-08 13:18:44][main][isiteam.TwitterCrawler.mainApp.RelationCrawler][65]
spidershen
